Start testing: Jul 02 10:43 +05
----------------------------------------------------------
1/41 Testing: KVStore.GetMissingKeyReturnsNullopt
1/41 Test: KVStore.GetMissingKeyReturnsNullopt
Command: "/Users/ayan/Documents/cmpsc/dkvs/build/dkvs_tests" "--gtest_filter=KVStore.GetMissingKeyReturnsNullopt" "--gtest_also_run_disabled_tests"
Directory: /Users/ayan/Documents/cmpsc/dkvs/build
"KVStore.GetMissingKeyReturnsNullopt" start time: Jul 02 10:43 +05
Output:
----------------------------------------------------------
Running main() from /Users/ayan/Documents/cmpsc/dkvs/build/_deps/googletest-src/googletest/src/gtest_main.cc
Note: Google Test filter = KVStore.GetMissingKeyReturnsNullopt
[==========] Running 1 test from 1 test suite.
[----------] Global test environment set-up.
[----------] 1 test from KVStore
[ RUN      ] KVStore.GetMissingKeyReturnsNullopt
[       OK ] KVStore.GetMissingKeyReturnsNullopt (0 ms)
[----------] 1 test from KVStore (0 ms total)

[----------] Global test environment tear-down
[==========] 1 test from 1 test suite ran. (0 ms total)
[  PASSED  ] 1 test.
<end of output>
Test time =   0.00 sec
----------------------------------------------------------
Test Passed.
"KVStore.GetMissingKeyReturnsNullopt" end time: Jul 02 10:43 +05
"KVStore.GetMissingKeyReturnsNullopt" time elapsed: 00:00:00
----------------------------------------------------------

2/41 Testing: KVStore.SetThenGet
2/41 Test: KVStore.SetThenGet
Command: "/Users/ayan/Documents/cmpsc/dkvs/build/dkvs_tests" "--gtest_filter=KVStore.SetThenGet" "--gtest_also_run_disabled_tests"
Directory: /Users/ayan/Documents/cmpsc/dkvs/build
"KVStore.SetThenGet" start time: Jul 02 10:43 +05
Output:
----------------------------------------------------------
Running main() from /Users/ayan/Documents/cmpsc/dkvs/build/_deps/googletest-src/googletest/src/gtest_main.cc
Note: Google Test filter = KVStore.SetThenGet
[==========] Running 1 test from 1 test suite.
[----------] Global test environment set-up.
[----------] 1 test from KVStore
[ RUN      ] KVStore.SetThenGet
[       OK ] KVStore.SetThenGet (0 ms)
[----------] 1 test from KVStore (0 ms total)

[----------] Global test environment tear-down
[==========] 1 test from 1 test suite ran. (0 ms total)
[  PASSED  ] 1 test.
<end of output>
Test time =   0.00 sec
----------------------------------------------------------
Test Passed.
"KVStore.SetThenGet" end time: Jul 02 10:43 +05
"KVStore.SetThenGet" time elapsed: 00:00:00
----------------------------------------------------------

3/41 Testing: KVStore.SetOverwritesExistingValue
3/41 Test: KVStore.SetOverwritesExistingValue
Command: "/Users/ayan/Documents/cmpsc/dkvs/build/dkvs_tests" "--gtest_filter=KVStore.SetOverwritesExistingValue" "--gtest_also_run_disabled_tests"
Directory: /Users/ayan/Documents/cmpsc/dkvs/build
"KVStore.SetOverwritesExistingValue" start time: Jul 02 10:43 +05
Output:
----------------------------------------------------------
Running main() from /Users/ayan/Documents/cmpsc/dkvs/build/_deps/googletest-src/googletest/src/gtest_main.cc
Note: Google Test filter = KVStore.SetOverwritesExistingValue
[==========] Running 1 test from 1 test suite.
[----------] Global test environment set-up.
[----------] 1 test from KVStore
[ RUN      ] KVStore.SetOverwritesExistingValue
[       OK ] KVStore.SetOverwritesExistingValue (0 ms)
[----------] 1 test from KVStore (0 ms total)

[----------] Global test environment tear-down
[==========] 1 test from 1 test suite ran. (0 ms total)
[  PASSED  ] 1 test.
<end of output>
Test time =   0.00 sec
----------------------------------------------------------
Test Passed.
"KVStore.SetOverwritesExistingValue" end time: Jul 02 10:43 +05
"KVStore.SetOverwritesExistingValue" time elapsed: 00:00:00
----------------------------------------------------------

4/41 Testing: KVStore.RemoveMissingReturnsFalse
4/41 Test: KVStore.RemoveMissingReturnsFalse
Command: "/Users/ayan/Documents/cmpsc/dkvs/build/dkvs_tests" "--gtest_filter=KVStore.RemoveMissingReturnsFalse" "--gtest_also_run_disabled_tests"
Directory: /Users/ayan/Documents/cmpsc/dkvs/build
"KVStore.RemoveMissingReturnsFalse" start time: Jul 02 10:43 +05
Output:
----------------------------------------------------------
Running main() from /Users/ayan/Documents/cmpsc/dkvs/build/_deps/googletest-src/googletest/src/gtest_main.cc
Note: Google Test filter = KVStore.RemoveMissingReturnsFalse
[==========] Running 1 test from 1 test suite.
[----------] Global test environment set-up.
[----------] 1 test from KVStore
[ RUN      ] KVStore.RemoveMissingReturnsFalse
[       OK ] KVStore.RemoveMissingReturnsFalse (0 ms)
[----------] 1 test from KVStore (0 ms total)

[----------] Global test environment tear-down
[==========] 1 test from 1 test suite ran. (0 ms total)
[  PASSED  ] 1 test.
<end of output>
Test time =   0.00 sec
----------------------------------------------------------
Test Passed.
"KVStore.RemoveMissingReturnsFalse" end time: Jul 02 10:43 +05
"KVStore.RemoveMissingReturnsFalse" time elapsed: 00:00:00
----------------------------------------------------------

5/41 Testing: KVStore.RemoveExistingReturnsTrueAndDeletes
5/41 Test: KVStore.RemoveExistingReturnsTrueAndDeletes
Command: "/Users/ayan/Documents/cmpsc/dkvs/build/dkvs_tests" "--gtest_filter=KVStore.RemoveExistingReturnsTrueAndDeletes" "--gtest_also_run_disabled_tests"
Directory: /Users/ayan/Documents/cmpsc/dkvs/build
"KVStore.RemoveExistingReturnsTrueAndDeletes" start time: Jul 02 10:43 +05
Output:
----------------------------------------------------------
Running main() from /Users/ayan/Documents/cmpsc/dkvs/build/_deps/googletest-src/googletest/src/gtest_main.cc
Note: Google Test filter = KVStore.RemoveExistingReturnsTrueAndDeletes
[==========] Running 1 test from 1 test suite.
[----------] Global test environment set-up.
[----------] 1 test from KVStore
[ RUN      ] KVStore.RemoveExistingReturnsTrueAndDeletes
[       OK ] KVStore.RemoveExistingReturnsTrueAndDeletes (0 ms)
[----------] 1 test from KVStore (0 ms total)

[----------] Global test environment tear-down
[==========] 1 test from 1 test suite ran. (0 ms total)
[  PASSED  ] 1 test.
<end of output>
Test time =   0.00 sec
----------------------------------------------------------
Test Passed.
"KVStore.RemoveExistingReturnsTrueAndDeletes" end time: Jul 02 10:43 +05
"KVStore.RemoveExistingReturnsTrueAndDeletes" time elapsed: 00:00:00
----------------------------------------------------------

6/41 Testing: KVStore.SizeTracksInsertions
6/41 Test: KVStore.SizeTracksInsertions
Command: "/Users/ayan/Documents/cmpsc/dkvs/build/dkvs_tests" "--gtest_filter=KVStore.SizeTracksInsertions" "--gtest_also_run_disabled_tests"
Directory: /Users/ayan/Documents/cmpsc/dkvs/build
"KVStore.SizeTracksInsertions" start time: Jul 02 10:43 +05
Output:
----------------------------------------------------------
Running main() from /Users/ayan/Documents/cmpsc/dkvs/build/_deps/googletest-src/googletest/src/gtest_main.cc
Note: Google Test filter = KVStore.SizeTracksInsertions
[==========] Running 1 test from 1 test suite.
[----------] Global test environment set-up.
[----------] 1 test from KVStore
[ RUN      ] KVStore.SizeTracksInsertions
[       OK ] KVStore.SizeTracksInsertions (0 ms)
[----------] 1 test from KVStore (0 ms total)

[----------] Global test environment tear-down
[==========] 1 test from 1 test suite ran. (0 ms total)
[  PASSED  ] 1 test.
<end of output>
Test time =   0.00 sec
----------------------------------------------------------
Test Passed.
"KVStore.SizeTracksInsertions" end time: Jul 02 10:43 +05
"KVStore.SizeTracksInsertions" time elapsed: 00:00:00
----------------------------------------------------------

7/41 Testing: KVStore.EmptyKeysAndValuesAreAllowed
7/41 Test: KVStore.EmptyKeysAndValuesAreAllowed
Command: "/Users/ayan/Documents/cmpsc/dkvs/build/dkvs_tests" "--gtest_filter=KVStore.EmptyKeysAndValuesAreAllowed" "--gtest_also_run_disabled_tests"
Directory: /Users/ayan/Documents/cmpsc/dkvs/build
"KVStore.EmptyKeysAndValuesAreAllowed" start time: Jul 02 10:43 +05
Output:
----------------------------------------------------------
Running main() from /Users/ayan/Documents/cmpsc/dkvs/build/_deps/googletest-src/googletest/src/gtest_main.cc
Note: Google Test filter = KVStore.EmptyKeysAndValuesAreAllowed
[==========] Running 1 test from 1 test suite.
[----------] Global test environment set-up.
[----------] 1 test from KVStore
[ RUN      ] KVStore.EmptyKeysAndValuesAreAllowed
[       OK ] KVStore.EmptyKeysAndValuesAreAllowed (0 ms)
[----------] 1 test from KVStore (0 ms total)

[----------] Global test environment tear-down
[==========] 1 test from 1 test suite ran. (0 ms total)
[  PASSED  ] 1 test.
<end of output>
Test time =   0.00 sec
----------------------------------------------------------
Test Passed.
"KVStore.EmptyKeysAndValuesAreAllowed" end time: Jul 02 10:43 +05
"KVStore.EmptyKeysAndValuesAreAllowed" time elapsed: 00:00:00
----------------------------------------------------------

8/41 Testing: KVStore.ConcurrentReadersAndWritersDoNotCorrupt
8/41 Test: KVStore.ConcurrentReadersAndWritersDoNotCorrupt
Command: "/Users/ayan/Documents/cmpsc/dkvs/build/dkvs_tests" "--gtest_filter=KVStore.ConcurrentReadersAndWritersDoNotCorrupt" "--gtest_also_run_disabled_tests"
Directory: /Users/ayan/Documents/cmpsc/dkvs/build
"KVStore.ConcurrentReadersAndWritersDoNotCorrupt" start time: Jul 02 10:43 +05
Output:
----------------------------------------------------------
Running main() from /Users/ayan/Documents/cmpsc/dkvs/build/_deps/googletest-src/googletest/src/gtest_main.cc
Note: Google Test filter = KVStore.ConcurrentReadersAndWritersDoNotCorrupt
[==========] Running 1 test from 1 test suite.
[----------] Global test environment set-up.
[----------] 1 test from KVStore
[ RUN      ] KVStore.ConcurrentReadersAndWritersDoNotCorrupt
[       OK ] KVStore.ConcurrentReadersAndWritersDoNotCorrupt (14 ms)
[----------] 1 test from KVStore (14 ms total)

[----------] Global test environment tear-down
[==========] 1 test from 1 test suite ran. (14 ms total)
[  PASSED  ] 1 test.
<end of output>
Test time =   0.02 sec
----------------------------------------------------------
Test Passed.
"KVStore.ConcurrentReadersAndWritersDoNotCorrupt" end time: Jul 02 10:43 +05
"KVStore.ConcurrentReadersAndWritersDoNotCorrupt" time elapsed: 00:00:00
----------------------------------------------------------

9/41 Testing: Codec.IntegerRoundTrip
9/41 Test: Codec.IntegerRoundTrip
Command: "/Users/ayan/Documents/cmpsc/dkvs/build/dkvs_tests" "--gtest_filter=Codec.IntegerRoundTrip" "--gtest_also_run_disabled_tests"
Directory: /Users/ayan/Documents/cmpsc/dkvs/build
"Codec.IntegerRoundTrip" start time: Jul 02 10:43 +05
Output:
----------------------------------------------------------
Running main() from /Users/ayan/Documents/cmpsc/dkvs/build/_deps/googletest-src/googletest/src/gtest_main.cc
Note: Google Test filter = Codec.IntegerRoundTrip
[==========] Running 1 test from 1 test suite.
[----------] Global test environment set-up.
[----------] 1 test from Codec
[ RUN      ] Codec.IntegerRoundTrip
[       OK ] Codec.IntegerRoundTrip (0 ms)
[----------] 1 test from Codec (0 ms total)

[----------] Global test environment tear-down
[==========] 1 test from 1 test suite ran. (0 ms total)
[  PASSED  ] 1 test.
<end of output>
Test time =   0.00 sec
----------------------------------------------------------
Test Passed.
"Codec.IntegerRoundTrip" end time: Jul 02 10:43 +05
"Codec.IntegerRoundTrip" time elapsed: 00:00:00
----------------------------------------------------------

10/41 Testing: Codec.StringRoundTripIncludingEmbeddedNulAndNewline
10/41 Test: Codec.StringRoundTripIncludingEmbeddedNulAndNewline
Command: "/Users/ayan/Documents/cmpsc/dkvs/build/dkvs_tests" "--gtest_filter=Codec.StringRoundTripIncludingEmbeddedNulAndNewline" "--gtest_also_run_disabled_tests"
Directory: /Users/ayan/Documents/cmpsc/dkvs/build
"Codec.StringRoundTripIncludingEmbeddedNulAndNewline" start time: Jul 02 10:43 +05
Output:
----------------------------------------------------------
Running main() from /Users/ayan/Documents/cmpsc/dkvs/build/_deps/googletest-src/googletest/src/gtest_main.cc
Note: Google Test filter = Codec.StringRoundTripIncludingEmbeddedNulAndNewline
[==========] Running 1 test from 1 test suite.
[----------] Global test environment set-up.
[----------] 1 test from Codec
[ RUN      ] Codec.StringRoundTripIncludingEmbeddedNulAndNewline
[       OK ] Codec.StringRoundTripIncludingEmbeddedNulAndNewline (0 ms)
[----------] 1 test from Codec (0 ms total)

[----------] Global test environment tear-down
[==========] 1 test from 1 test suite ran. (0 ms total)
[  PASSED  ] 1 test.
<end of output>
Test time =   0.00 sec
----------------------------------------------------------
Test Passed.
"Codec.StringRoundTripIncludingEmbeddedNulAndNewline" end time: Jul 02 10:43 +05
"Codec.StringRoundTripIncludingEmbeddedNulAndNewline" time elapsed: 00:00:00
----------------------------------------------------------

11/41 Testing: Codec.TruncatedInputReturnsNulloptNotCrash
11/41 Test: Codec.TruncatedInputReturnsNulloptNotCrash
Command: "/Users/ayan/Documents/cmpsc/dkvs/build/dkvs_tests" "--gtest_filter=Codec.TruncatedInputReturnsNulloptNotCrash" "--gtest_also_run_disabled_tests"
Directory: /Users/ayan/Documents/cmpsc/dkvs/build
"Codec.TruncatedInputReturnsNulloptNotCrash" start time: Jul 02 10:43 +05
Output:
----------------------------------------------------------
Running main() from /Users/ayan/Documents/cmpsc/dkvs/build/_deps/googletest-src/googletest/src/gtest_main.cc
Note: Google Test filter = Codec.TruncatedInputReturnsNulloptNotCrash
[==========] Running 1 test from 1 test suite.
[----------] Global test environment set-up.
[----------] 1 test from Codec
[ RUN      ] Codec.TruncatedInputReturnsNulloptNotCrash
[       OK ] Codec.TruncatedInputReturnsNulloptNotCrash (0 ms)
[----------] 1 test from Codec (0 ms total)

[----------] Global test environment tear-down
[==========] 1 test from 1 test suite ran. (0 ms total)
[  PASSED  ] 1 test.
<end of output>
Test time =   0.00 sec
----------------------------------------------------------
Test Passed.
"Codec.TruncatedInputReturnsNulloptNotCrash" end time: Jul 02 10:43 +05
"Codec.TruncatedInputReturnsNulloptNotCrash" time elapsed: 00:00:00
----------------------------------------------------------

12/41 Testing: Codec.StringLengthBeyondBufferIsRejected
12/41 Test: Codec.StringLengthBeyondBufferIsRejected
Command: "/Users/ayan/Documents/cmpsc/dkvs/build/dkvs_tests" "--gtest_filter=Codec.StringLengthBeyondBufferIsRejected" "--gtest_also_run_disabled_tests"
Directory: /Users/ayan/Documents/cmpsc/dkvs/build
"Codec.StringLengthBeyondBufferIsRejected" start time: Jul 02 10:43 +05
Output:
----------------------------------------------------------
Running main() from /Users/ayan/Documents/cmpsc/dkvs/build/_deps/googletest-src/googletest/src/gtest_main.cc
Note: Google Test filter = Codec.StringLengthBeyondBufferIsRejected
[==========] Running 1 test from 1 test suite.
[----------] Global test environment set-up.
[----------] 1 test from Codec
[ RUN      ] Codec.StringLengthBeyondBufferIsRejected
[       OK ] Codec.StringLengthBeyondBufferIsRejected (0 ms)
[----------] 1 test from Codec (0 ms total)

[----------] Global test environment tear-down
[==========] 1 test from 1 test suite ran. (0 ms total)
[  PASSED  ] 1 test.
<end of output>
Test time =   0.00 sec
----------------------------------------------------------
Test Passed.
"Codec.StringLengthBeyondBufferIsRejected" end time: Jul 02 10:43 +05
"Codec.StringLengthBeyondBufferIsRejected" time elapsed: 00:00:00
----------------------------------------------------------

13/41 Testing: Codec.Crc32MatchesKnownVector
13/41 Test: Codec.Crc32MatchesKnownVector
Command: "/Users/ayan/Documents/cmpsc/dkvs/build/dkvs_tests" "--gtest_filter=Codec.Crc32MatchesKnownVector" "--gtest_also_run_disabled_tests"
Directory: /Users/ayan/Documents/cmpsc/dkvs/build
"Codec.Crc32MatchesKnownVector" start time: Jul 02 10:43 +05
Output:
----------------------------------------------------------
Running main() from /Users/ayan/Documents/cmpsc/dkvs/build/_deps/googletest-src/googletest/src/gtest_main.cc
Note: Google Test filter = Codec.Crc32MatchesKnownVector
[==========] Running 1 test from 1 test suite.
[----------] Global test environment set-up.
[----------] 1 test from Codec
[ RUN      ] Codec.Crc32MatchesKnownVector
[       OK ] Codec.Crc32MatchesKnownVector (0 ms)
[----------] 1 test from Codec (0 ms total)

[----------] Global test environment tear-down
[==========] 1 test from 1 test suite ran. (0 ms total)
[  PASSED  ] 1 test.
<end of output>
Test time =   0.00 sec
----------------------------------------------------------
Test Passed.
"Codec.Crc32MatchesKnownVector" end time: Jul 02 10:43 +05
"Codec.Crc32MatchesKnownVector" time elapsed: 00:00:00
----------------------------------------------------------

14/41 Testing: Command.RoundTrip
14/41 Test: Command.RoundTrip
Command: "/Users/ayan/Documents/cmpsc/dkvs/build/dkvs_tests" "--gtest_filter=Command.RoundTrip" "--gtest_also_run_disabled_tests"
Directory: /Users/ayan/Documents/cmpsc/dkvs/build
"Command.RoundTrip" start time: Jul 02 10:43 +05
Output:
----------------------------------------------------------
Running main() from /Users/ayan/Documents/cmpsc/dkvs/build/_deps/googletest-src/googletest/src/gtest_main.cc
Note: Google Test filter = Command.RoundTrip
[==========] Running 1 test from 1 test suite.
[----------] Global test environment set-up.
[----------] 1 test from Command
[ RUN      ] Command.RoundTrip
[       OK ] Command.RoundTrip (0 ms)
[----------] 1 test from Command (0 ms total)

[----------] Global test environment tear-down
[==========] 1 test from 1 test suite ran. (0 ms total)
[  PASSED  ] 1 test.
<end of output>
Test time =   0.00 sec
----------------------------------------------------------
Test Passed.
"Command.RoundTrip" end time: Jul 02 10:43 +05
"Command.RoundTrip" time elapsed: 00:00:00
----------------------------------------------------------

15/41 Testing: Command.GarbageIsRejected
15/41 Test: Command.GarbageIsRejected
Command: "/Users/ayan/Documents/cmpsc/dkvs/build/dkvs_tests" "--gtest_filter=Command.GarbageIsRejected" "--gtest_also_run_disabled_tests"
Directory: /Users/ayan/Documents/cmpsc/dkvs/build
"Command.GarbageIsRejected" start time: Jul 02 10:43 +05
Output:
----------------------------------------------------------
Running main() from /Users/ayan/Documents/cmpsc/dkvs/build/_deps/googletest-src/googletest/src/gtest_main.cc
Note: Google Test filter = Command.GarbageIsRejected
[==========] Running 1 test from 1 test suite.
[----------] Global test environment set-up.
[----------] 1 test from Command
[ RUN      ] Command.GarbageIsRejected
[       OK ] Command.GarbageIsRejected (0 ms)
[----------] 1 test from Command (0 ms total)

[----------] Global test environment tear-down
[==========] 1 test from 1 test suite ran. (0 ms total)
[  PASSED  ] 1 test.
<end of output>
Test time =   0.00 sec
----------------------------------------------------------
Test Passed.
"Command.GarbageIsRejected" end time: Jul 02 10:43 +05
"Command.GarbageIsRejected" time elapsed: 00:00:00
----------------------------------------------------------

16/41 Testing: RaftMsgs.RequestVoteRoundTrip
16/41 Test: RaftMsgs.RequestVoteRoundTrip
Command: "/Users/ayan/Documents/cmpsc/dkvs/build/dkvs_tests" "--gtest_filter=RaftMsgs.RequestVoteRoundTrip" "--gtest_also_run_disabled_tests"
Directory: /Users/ayan/Documents/cmpsc/dkvs/build
"RaftMsgs.RequestVoteRoundTrip" start time: Jul 02 10:43 +05
Output:
----------------------------------------------------------
Running main() from /Users/ayan/Documents/cmpsc/dkvs/build/_deps/googletest-src/googletest/src/gtest_main.cc
Note: Google Test filter = RaftMsgs.RequestVoteRoundTrip
[==========] Running 1 test from 1 test suite.
[----------] Global test environment set-up.
[----------] 1 test from RaftMsgs
[ RUN      ] RaftMsgs.RequestVoteRoundTrip
[       OK ] RaftMsgs.RequestVoteRoundTrip (0 ms)
[----------] 1 test from RaftMsgs (0 ms total)

[----------] Global test environment tear-down
[==========] 1 test from 1 test suite ran. (0 ms total)
[  PASSED  ] 1 test.
<end of output>
Test time =   0.00 sec
----------------------------------------------------------
Test Passed.
"RaftMsgs.RequestVoteRoundTrip" end time: Jul 02 10:43 +05
"RaftMsgs.RequestVoteRoundTrip" time elapsed: 00:00:00
----------------------------------------------------------

17/41 Testing: RaftMsgs.AppendEntriesRoundTripWithEntries
17/41 Test: RaftMsgs.AppendEntriesRoundTripWithEntries
Command: "/Users/ayan/Documents/cmpsc/dkvs/build/dkvs_tests" "--gtest_filter=RaftMsgs.AppendEntriesRoundTripWithEntries" "--gtest_also_run_disabled_tests"
Directory: /Users/ayan/Documents/cmpsc/dkvs/build
"RaftMsgs.AppendEntriesRoundTripWithEntries" start time: Jul 02 10:43 +05
Output:
----------------------------------------------------------
Running main() from /Users/ayan/Documents/cmpsc/dkvs/build/_deps/googletest-src/googletest/src/gtest_main.cc
Note: Google Test filter = RaftMsgs.AppendEntriesRoundTripWithEntries
[==========] Running 1 test from 1 test suite.
[----------] Global test environment set-up.
[----------] 1 test from RaftMsgs
[ RUN      ] RaftMsgs.AppendEntriesRoundTripWithEntries
[       OK ] RaftMsgs.AppendEntriesRoundTripWithEntries (0 ms)
[----------] 1 test from RaftMsgs (0 ms total)

[----------] Global test environment tear-down
[==========] 1 test from 1 test suite ran. (0 ms total)
[  PASSED  ] 1 test.
<end of output>
Test time =   0.00 sec
----------------------------------------------------------
Test Passed.
"RaftMsgs.AppendEntriesRoundTripWithEntries" end time: Jul 02 10:43 +05
"RaftMsgs.AppendEntriesRoundTripWithEntries" time elapsed: 00:00:00
----------------------------------------------------------

18/41 Testing: RaftMsgs.WrongTagIsRejected
18/41 Test: RaftMsgs.WrongTagIsRejected
Command: "/Users/ayan/Documents/cmpsc/dkvs/build/dkvs_tests" "--gtest_filter=RaftMsgs.WrongTagIsRejected" "--gtest_also_run_disabled_tests"
Directory: /Users/ayan/Documents/cmpsc/dkvs/build
"RaftMsgs.WrongTagIsRejected" start time: Jul 02 10:43 +05
Output:
----------------------------------------------------------
Running main() from /Users/ayan/Documents/cmpsc/dkvs/build/_deps/googletest-src/googletest/src/gtest_main.cc
Note: Google Test filter = RaftMsgs.WrongTagIsRejected
[==========] Running 1 test from 1 test suite.
[----------] Global test environment set-up.
[----------] 1 test from RaftMsgs
[ RUN      ] RaftMsgs.WrongTagIsRejected
[       OK ] RaftMsgs.WrongTagIsRejected (0 ms)
[----------] 1 test from RaftMsgs (0 ms total)

[----------] Global test environment tear-down
[==========] 1 test from 1 test suite ran. (0 ms total)
[  PASSED  ] 1 test.
<end of output>
Test time =   0.00 sec
----------------------------------------------------------
Test Passed.
"RaftMsgs.WrongTagIsRejected" end time: Jul 02 10:43 +05
"RaftMsgs.WrongTagIsRejected" time elapsed: 00:00:00
----------------------------------------------------------

19/41 Testing: StorageTest.FreshDirectoryLoadsEmpty
19/41 Test: StorageTest.FreshDirectoryLoadsEmpty
Command: "/Users/ayan/Documents/cmpsc/dkvs/build/dkvs_tests" "--gtest_filter=StorageTest.FreshDirectoryLoadsEmpty" "--gtest_also_run_disabled_tests"
Directory: /Users/ayan/Documents/cmpsc/dkvs/build
"StorageTest.FreshDirectoryLoadsEmpty" start time: Jul 02 10:43 +05
Output:
----------------------------------------------------------
Running main() from /Users/ayan/Documents/cmpsc/dkvs/build/_deps/googletest-src/googletest/src/gtest_main.cc
Note: Google Test filter = StorageTest.FreshDirectoryLoadsEmpty
[==========] Running 1 test from 1 test suite.
[----------] Global test environment set-up.
[----------] 1 test from StorageTest
[ RUN      ] StorageTest.FreshDirectoryLoadsEmpty
[       OK ] StorageTest.FreshDirectoryLoadsEmpty (0 ms)
[----------] 1 test from StorageTest (0 ms total)

[----------] Global test environment tear-down
[==========] 1 test from 1 test suite ran. (0 ms total)
[  PASSED  ] 1 test.
<end of output>
Test time =   0.00 sec
----------------------------------------------------------
Test Passed.
"StorageTest.FreshDirectoryLoadsEmpty" end time: Jul 02 10:43 +05
"StorageTest.FreshDirectoryLoadsEmpty" time elapsed: 00:00:00
----------------------------------------------------------

20/41 Testing: StorageTest.MetaSurvivesReopen
20/41 Test: StorageTest.MetaSurvivesReopen
Command: "/Users/ayan/Documents/cmpsc/dkvs/build/dkvs_tests" "--gtest_filter=StorageTest.MetaSurvivesReopen" "--gtest_also_run_disabled_tests"
Directory: /Users/ayan/Documents/cmpsc/dkvs/build
"StorageTest.MetaSurvivesReopen" start time: Jul 02 10:43 +05
Output:
----------------------------------------------------------
Running main() from /Users/ayan/Documents/cmpsc/dkvs/build/_deps/googletest-src/googletest/src/gtest_main.cc
Note: Google Test filter = StorageTest.MetaSurvivesReopen
[==========] Running 1 test from 1 test suite.
[----------] Global test environment set-up.
[----------] 1 test from StorageTest
[ RUN      ] StorageTest.MetaSurvivesReopen
[       OK ] StorageTest.MetaSurvivesReopen (8 ms)
[----------] 1 test from StorageTest (8 ms total)

[----------] Global test environment tear-down
[==========] 1 test from 1 test suite ran. (8 ms total)
[  PASSED  ] 1 test.
<end of output>
Test time =   0.01 sec
----------------------------------------------------------
Test Passed.
"StorageTest.MetaSurvivesReopen" end time: Jul 02 10:43 +05
"StorageTest.MetaSurvivesReopen" time elapsed: 00:00:00
----------------------------------------------------------

21/41 Testing: StorageTest.LogEntriesSurviveReopen
21/41 Test: StorageTest.LogEntriesSurviveReopen
Command: "/Users/ayan/Documents/cmpsc/dkvs/build/dkvs_tests" "--gtest_filter=StorageTest.LogEntriesSurviveReopen" "--gtest_also_run_disabled_tests"
Directory: /Users/ayan/Documents/cmpsc/dkvs/build
"StorageTest.LogEntriesSurviveReopen" start time: Jul 02 10:43 +05
Output:
----------------------------------------------------------
Running main() from /Users/ayan/Documents/cmpsc/dkvs/build/_deps/googletest-src/googletest/src/gtest_main.cc
Note: Google Test filter = StorageTest.LogEntriesSurviveReopen
[==========] Running 1 test from 1 test suite.
[----------] Global test environment set-up.
[----------] 1 test from StorageTest
[ RUN      ] StorageTest.LogEntriesSurviveReopen
[       OK ] StorageTest.LogEntriesSurviveReopen (14 ms)
[----------] 1 test from StorageTest (14 ms total)

[----------] Global test environment tear-down
[==========] 1 test from 1 test suite ran. (14 ms total)
[  PASSED  ] 1 test.
<end of output>
Test time =   0.02 sec
----------------------------------------------------------
Test Passed.
"StorageTest.LogEntriesSurviveReopen" end time: Jul 02 10:43 +05
"StorageTest.LogEntriesSurviveReopen" time elapsed: 00:00:00
----------------------------------------------------------

22/41 Testing: StorageTest.TruncateFromRemovesSuffixOnDiskToo
22/41 Test: StorageTest.TruncateFromRemovesSuffixOnDiskToo
Command: "/Users/ayan/Documents/cmpsc/dkvs/build/dkvs_tests" "--gtest_filter=StorageTest.TruncateFromRemovesSuffixOnDiskToo" "--gtest_also_run_disabled_tests"
Directory: /Users/ayan/Documents/cmpsc/dkvs/build
"StorageTest.TruncateFromRemovesSuffixOnDiskToo" start time: Jul 02 10:43 +05
Output:
----------------------------------------------------------
Running main() from /Users/ayan/Documents/cmpsc/dkvs/build/_deps/googletest-src/googletest/src/gtest_main.cc
Note: Google Test filter = StorageTest.TruncateFromRemovesSuffixOnDiskToo
[==========] Running 1 test from 1 test suite.
[----------] Global test environment set-up.
[----------] 1 test from StorageTest
[ RUN      ] StorageTest.TruncateFromRemovesSuffixOnDiskToo
[       OK ] StorageTest.TruncateFromRemovesSuffixOnDiskToo (33 ms)
[----------] 1 test from StorageTest (33 ms total)

[----------] Global test environment tear-down
[==========] 1 test from 1 test suite ran. (33 ms total)
[  PASSED  ] 1 test.
<end of output>
Test time =   0.04 sec
----------------------------------------------------------
Test Passed.
"StorageTest.TruncateFromRemovesSuffixOnDiskToo" end time: Jul 02 10:43 +05
"StorageTest.TruncateFromRemovesSuffixOnDiskToo" time elapsed: 00:00:00
----------------------------------------------------------

23/41 Testing: StorageTest.TornTailWriteIsDiscardedOnRecovery
23/41 Test: StorageTest.TornTailWriteIsDiscardedOnRecovery
Command: "/Users/ayan/Documents/cmpsc/dkvs/build/dkvs_tests" "--gtest_filter=StorageTest.TornTailWriteIsDiscardedOnRecovery" "--gtest_also_run_disabled_tests"
Directory: /Users/ayan/Documents/cmpsc/dkvs/build
"StorageTest.TornTailWriteIsDiscardedOnRecovery" start time: Jul 02 10:43 +05
Output:
----------------------------------------------------------
Running main() from /Users/ayan/Documents/cmpsc/dkvs/build/_deps/googletest-src/googletest/src/gtest_main.cc
Note: Google Test filter = StorageTest.TornTailWriteIsDiscardedOnRecovery
[==========] Running 1 test from 1 test suite.
[----------] Global test environment set-up.
[----------] 1 test from StorageTest
[ RUN      ] StorageTest.TornTailWriteIsDiscardedOnRecovery
storage: discarding 8 bytes of torn/corrupt wal tail (1 entries recovered)
[       OK ] StorageTest.TornTailWriteIsDiscardedOnRecovery (16 ms)
[----------] 1 test from StorageTest (16 ms total)

[----------] Global test environment tear-down
[==========] 1 test from 1 test suite ran. (16 ms total)
[  PASSED  ] 1 test.
<end of output>
Test time =   0.02 sec
----------------------------------------------------------
Test Passed.
"StorageTest.TornTailWriteIsDiscardedOnRecovery" end time: Jul 02 10:43 +05
"StorageTest.TornTailWriteIsDiscardedOnRecovery" time elapsed: 00:00:00
----------------------------------------------------------

24/41 Testing: StorageTest.CorruptedRecordIsDetectedByCrc
24/41 Test: StorageTest.CorruptedRecordIsDetectedByCrc
Command: "/Users/ayan/Documents/cmpsc/dkvs/build/dkvs_tests" "--gtest_filter=StorageTest.CorruptedRecordIsDetectedByCrc" "--gtest_also_run_disabled_tests"
Directory: /Users/ayan/Documents/cmpsc/dkvs/build
"StorageTest.CorruptedRecordIsDetectedByCrc" start time: Jul 02 10:43 +05
Output:
----------------------------------------------------------
Running main() from /Users/ayan/Documents/cmpsc/dkvs/build/_deps/googletest-src/googletest/src/gtest_main.cc
Note: Google Test filter = StorageTest.CorruptedRecordIsDetectedByCrc
[==========] Running 1 test from 1 test suite.
[----------] Global test environment set-up.
[----------] 1 test from StorageTest
[ RUN      ] StorageTest.CorruptedRecordIsDetectedByCrc
storage: discarding 24 bytes of torn/corrupt wal tail (1 entries recovered)
[       OK ] StorageTest.CorruptedRecordIsDetectedByCrc (13 ms)
[----------] 1 test from StorageTest (13 ms total)

[----------] Global test environment tear-down
[==========] 1 test from 1 test suite ran. (13 ms total)
[  PASSED  ] 1 test.
<end of output>
Test time =   0.02 sec
----------------------------------------------------------
Test Passed.
"StorageTest.CorruptedRecordIsDetectedByCrc" end time: Jul 02 10:43 +05
"StorageTest.CorruptedRecordIsDetectedByCrc" time elapsed: 00:00:00
----------------------------------------------------------

25/41 Testing: Protocol.ParsesSet
25/41 Test: Protocol.ParsesSet
Command: "/Users/ayan/Documents/cmpsc/dkvs/build/dkvs_tests" "--gtest_filter=Protocol.ParsesSet" "--gtest_also_run_disabled_tests"
Directory: /Users/ayan/Documents/cmpsc/dkvs/build
"Protocol.ParsesSet" start time: Jul 02 10:43 +05
Output:
----------------------------------------------------------
Running main() from /Users/ayan/Documents/cmpsc/dkvs/build/_deps/googletest-src/googletest/src/gtest_main.cc
Note: Google Test filter = Protocol.ParsesSet
[==========] Running 1 test from 1 test suite.
[----------] Global test environment set-up.
[----------] 1 test from Protocol
[ RUN      ] Protocol.ParsesSet
[       OK ] Protocol.ParsesSet (0 ms)
[----------] 1 test from Protocol (0 ms total)

[----------] Global test environment tear-down
[==========] 1 test from 1 test suite ran. (0 ms total)
[  PASSED  ] 1 test.
<end of output>
Test time =   0.00 sec
----------------------------------------------------------
Test Passed.
"Protocol.ParsesSet" end time: Jul 02 10:43 +05
"Protocol.ParsesSet" time elapsed: 00:00:00
----------------------------------------------------------

26/41 Testing: Protocol.SetValueKeepsSpaces
26/41 Test: Protocol.SetValueKeepsSpaces
Command: "/Users/ayan/Documents/cmpsc/dkvs/build/dkvs_tests" "--gtest_filter=Protocol.SetValueKeepsSpaces" "--gtest_also_run_disabled_tests"
Directory: /Users/ayan/Documents/cmpsc/dkvs/build
"Protocol.SetValueKeepsSpaces" start time: Jul 02 10:43 +05
Output:
----------------------------------------------------------
Running main() from /Users/ayan/Documents/cmpsc/dkvs/build/_deps/googletest-src/googletest/src/gtest_main.cc
Note: Google Test filter = Protocol.SetValueKeepsSpaces
[==========] Running 1 test from 1 test suite.
[----------] Global test environment set-up.
[----------] 1 test from Protocol
[ RUN      ] Protocol.SetValueKeepsSpaces
[       OK ] Protocol.SetValueKeepsSpaces (0 ms)
[----------] 1 test from Protocol (0 ms total)

[----------] Global test environment tear-down
[==========] 1 test from 1 test suite ran. (0 ms total)
[  PASSED  ] 1 test.
<end of output>
Test time =   0.00 sec
----------------------------------------------------------
Test Passed.
"Protocol.SetValueKeepsSpaces" end time: Jul 02 10:43 +05
"Protocol.SetValueKeepsSpaces" time elapsed: 00:00:00
----------------------------------------------------------

27/41 Testing: Protocol.SetWithEmptyValueIsLegal
27/41 Test: Protocol.SetWithEmptyValueIsLegal
Command: "/Users/ayan/Documents/cmpsc/dkvs/build/dkvs_tests" "--gtest_filter=Protocol.SetWithEmptyValueIsLegal" "--gtest_also_run_disabled_tests"
Directory: /Users/ayan/Documents/cmpsc/dkvs/build
"Protocol.SetWithEmptyValueIsLegal" start time: Jul 02 10:43 +05
Output:
----------------------------------------------------------
Running main() from /Users/ayan/Documents/cmpsc/dkvs/build/_deps/googletest-src/googletest/src/gtest_main.cc
Note: Google Test filter = Protocol.SetWithEmptyValueIsLegal
[==========] Running 1 test from 1 test suite.
[----------] Global test environment set-up.
[----------] 1 test from Protocol
[ RUN      ] Protocol.SetWithEmptyValueIsLegal
[       OK ] Protocol.SetWithEmptyValueIsLegal (0 ms)
[----------] 1 test from Protocol (0 ms total)

[----------] Global test environment tear-down
[==========] 1 test from 1 test suite ran. (0 ms total)
[  PASSED  ] 1 test.
<end of output>
Test time =   0.00 sec
----------------------------------------------------------
Test Passed.
"Protocol.SetWithEmptyValueIsLegal" end time: Jul 02 10:43 +05
"Protocol.SetWithEmptyValueIsLegal" time elapsed: 00:00:00
----------------------------------------------------------

28/41 Testing: Protocol.ParsesGetAndDel
28/41 Test: Protocol.ParsesGetAndDel
Command: "/Users/ayan/Documents/cmpsc/dkvs/build/dkvs_tests" "--gtest_filter=Protocol.ParsesGetAndDel" "--gtest_also_run_disabled_tests"
Directory: /Users/ayan/Documents/cmpsc/dkvs/build
"Protocol.ParsesGetAndDel" start time: Jul 02 10:43 +05
Output:
----------------------------------------------------------
Running main() from /Users/ayan/Documents/cmpsc/dkvs/build/_deps/googletest-src/googletest/src/gtest_main.cc
Note: Google Test filter = Protocol.ParsesGetAndDel
[==========] Running 1 test from 1 test suite.
[----------] Global test environment set-up.
[----------] 1 test from Protocol
[ RUN      ] Protocol.ParsesGetAndDel
[       OK ] Protocol.ParsesGetAndDel (0 ms)
[----------] 1 test from Protocol (0 ms total)

[----------] Global test environment tear-down
[==========] 1 test from 1 test suite ran. (0 ms total)
[  PASSED  ] 1 test.
<end of output>
Test time =   0.00 sec
----------------------------------------------------------
Test Passed.
"Protocol.ParsesGetAndDel" end time: Jul 02 10:43 +05
"Protocol.ParsesGetAndDel" time elapsed: 00:00:00
----------------------------------------------------------

29/41 Testing: Protocol.VerbsAreCaseInsensitive
29/41 Test: Protocol.VerbsAreCaseInsensitive
Command: "/Users/ayan/Documents/cmpsc/dkvs/build/dkvs_tests" "--gtest_filter=Protocol.VerbsAreCaseInsensitive" "--gtest_also_run_disabled_tests"
Directory: /Users/ayan/Documents/cmpsc/dkvs/build
"Protocol.VerbsAreCaseInsensitive" start time: Jul 02 10:43 +05
Output:
----------------------------------------------------------
Running main() from /Users/ayan/Documents/cmpsc/dkvs/build/_deps/googletest-src/googletest/src/gtest_main.cc
Note: Google Test filter = Protocol.VerbsAreCaseInsensitive
[==========] Running 1 test from 1 test suite.
[----------] Global test environment set-up.
[----------] 1 test from Protocol
[ RUN      ] Protocol.VerbsAreCaseInsensitive
[       OK ] Protocol.VerbsAreCaseInsensitive (0 ms)
[----------] 1 test from Protocol (0 ms total)

[----------] Global test environment tear-down
[==========] 1 test from 1 test suite ran. (0 ms total)
[  PASSED  ] 1 test.
<end of output>
Test time =   0.00 sec
----------------------------------------------------------
Test Passed.
"Protocol.VerbsAreCaseInsensitive" end time: Jul 02 10:43 +05
"Protocol.VerbsAreCaseInsensitive" time elapsed: 00:00:00
----------------------------------------------------------

30/41 Testing: Protocol.GetWithTrailingGarbageIsRejected
30/41 Test: Protocol.GetWithTrailingGarbageIsRejected
Command: "/Users/ayan/Documents/cmpsc/dkvs/build/dkvs_tests" "--gtest_filter=Protocol.GetWithTrailingGarbageIsRejected" "--gtest_also_run_disabled_tests"
Directory: /Users/ayan/Documents/cmpsc/dkvs/build
"Protocol.GetWithTrailingGarbageIsRejected" start time: Jul 02 10:43 +05
Output:
----------------------------------------------------------
Running main() from /Users/ayan/Documents/cmpsc/dkvs/build/_deps/googletest-src/googletest/src/gtest_main.cc
Note: Google Test filter = Protocol.GetWithTrailingGarbageIsRejected
[==========] Running 1 test from 1 test suite.
[----------] Global test environment set-up.
[----------] 1 test from Protocol
[ RUN      ] Protocol.GetWithTrailingGarbageIsRejected
[       OK ] Protocol.GetWithTrailingGarbageIsRejected (0 ms)
[----------] 1 test from Protocol (0 ms total)

[----------] Global test environment tear-down
[==========] 1 test from 1 test suite ran. (0 ms total)
[  PASSED  ] 1 test.
<end of output>
Test time =   0.00 sec
----------------------------------------------------------
Test Passed.
"Protocol.GetWithTrailingGarbageIsRejected" end time: Jul 02 10:43 +05
"Protocol.GetWithTrailingGarbageIsRejected" time elapsed: 00:00:00
----------------------------------------------------------

31/41 Testing: Protocol.MissingKeyIsRejected
31/41 Test: Protocol.MissingKeyIsRejected
Command: "/Users/ayan/Documents/cmpsc/dkvs/build/dkvs_tests" "--gtest_filter=Protocol.MissingKeyIsRejected" "--gtest_also_run_disabled_tests"
Directory: /Users/ayan/Documents/cmpsc/dkvs/build
"Protocol.MissingKeyIsRejected" start time: Jul 02 10:43 +05
Output:
----------------------------------------------------------
Running main() from /Users/ayan/Documents/cmpsc/dkvs/build/_deps/googletest-src/googletest/src/gtest_main.cc
Note: Google Test filter = Protocol.MissingKeyIsRejected
[==========] Running 1 test from 1 test suite.
[----------] Global test environment set-up.
[----------] 1 test from Protocol
[ RUN      ] Protocol.MissingKeyIsRejected
[       OK ] Protocol.MissingKeyIsRejected (0 ms)
[----------] 1 test from Protocol (0 ms total)

[----------] Global test environment tear-down
[==========] 1 test from 1 test suite ran. (0 ms total)
[  PASSED  ] 1 test.
<end of output>
Test time =   0.00 sec
----------------------------------------------------------
Test Passed.
"Protocol.MissingKeyIsRejected" end time: Jul 02 10:43 +05
"Protocol.MissingKeyIsRejected" time elapsed: 00:00:00
----------------------------------------------------------

32/41 Testing: Protocol.UnknownVerbIsRejected
32/41 Test: Protocol.UnknownVerbIsRejected
Command: "/Users/ayan/Documents/cmpsc/dkvs/build/dkvs_tests" "--gtest_filter=Protocol.UnknownVerbIsRejected" "--gtest_also_run_disabled_tests"
Directory: /Users/ayan/Documents/cmpsc/dkvs/build
"Protocol.UnknownVerbIsRejected" start time: Jul 02 10:43 +05
Output:
----------------------------------------------------------
Running main() from /Users/ayan/Documents/cmpsc/dkvs/build/_deps/googletest-src/googletest/src/gtest_main.cc
Note: Google Test filter = Protocol.UnknownVerbIsRejected
[==========] Running 1 test from 1 test suite.
[----------] Global test environment set-up.
[----------] 1 test from Protocol
[ RUN      ] Protocol.UnknownVerbIsRejected
[       OK ] Protocol.UnknownVerbIsRejected (0 ms)
[----------] 1 test from Protocol (0 ms total)

[----------] Global test environment tear-down
[==========] 1 test from 1 test suite ran. (0 ms total)
[  PASSED  ] 1 test.
<end of output>
Test time =   0.00 sec
----------------------------------------------------------
Test Passed.
"Protocol.UnknownVerbIsRejected" end time: Jul 02 10:43 +05
"Protocol.UnknownVerbIsRejected" time elapsed: 00:00:00
----------------------------------------------------------

33/41 Testing: Protocol.ControlRequests
33/41 Test: Protocol.ControlRequests
Command: "/Users/ayan/Documents/cmpsc/dkvs/build/dkvs_tests" "--gtest_filter=Protocol.ControlRequests" "--gtest_also_run_disabled_tests"
Directory: /Users/ayan/Documents/cmpsc/dkvs/build
"Protocol.ControlRequests" start time: Jul 02 10:43 +05
Output:
----------------------------------------------------------
Running main() from /Users/ayan/Documents/cmpsc/dkvs/build/_deps/googletest-src/googletest/src/gtest_main.cc
Note: Google Test filter = Protocol.ControlRequests
[==========] Running 1 test from 1 test suite.
[----------] Global test environment set-up.
[----------] 1 test from Protocol
[ RUN      ] Protocol.ControlRequests
[       OK ] Protocol.ControlRequests (0 ms)
[----------] 1 test from Protocol (0 ms total)

[----------] Global test environment tear-down
[==========] 1 test from 1 test suite ran. (0 ms total)
[  PASSED  ] 1 test.
<end of output>
Test time =   0.00 sec
----------------------------------------------------------
Test Passed.
"Protocol.ControlRequests" end time: Jul 02 10:43 +05
"Protocol.ControlRequests" time elapsed: 00:00:00
----------------------------------------------------------

34/41 Testing: RaftClusterTest.SingleNodeElectsItselfAndCommits
34/41 Test: RaftClusterTest.SingleNodeElectsItselfAndCommits
Command: "/Users/ayan/Documents/cmpsc/dkvs/build/dkvs_tests" "--gtest_filter=RaftClusterTest.SingleNodeElectsItselfAndCommits" "--gtest_also_run_disabled_tests"
Directory: /Users/ayan/Documents/cmpsc/dkvs/build
"RaftClusterTest.SingleNodeElectsItselfAndCommits" start time: Jul 02 10:43 +05
Output:
----------------------------------------------------------
Running main() from /Users/ayan/Documents/cmpsc/dkvs/build/_deps/googletest-src/googletest/src/gtest_main.cc
Note: Google Test filter = RaftClusterTest.SingleNodeElectsItselfAndCommits
[==========] Running 1 test from 1 test suite.
[----------] Global test environment set-up.
[----------] 1 test from RaftClusterTest
[ RUN      ] RaftClusterTest.SingleNodeElectsItselfAndCommits
[node 0] became leader in term 1
[       OK ] RaftClusterTest.SingleNodeElectsItselfAndCommits (222 ms)
[----------] 1 test from RaftClusterTest (222 ms total)

[----------] Global test environment tear-down
[==========] 1 test from 1 test suite ran. (222 ms total)
[  PASSED  ] 1 test.
<end of output>
Test time =   0.23 sec
----------------------------------------------------------
Test Passed.
"RaftClusterTest.SingleNodeElectsItselfAndCommits" end time: Jul 02 10:43 +05
"RaftClusterTest.SingleNodeElectsItselfAndCommits" time elapsed: 00:00:00
----------------------------------------------------------

35/41 Testing: RaftClusterTest.ThreeNodesElectExactlyOneLeader
35/41 Test: RaftClusterTest.ThreeNodesElectExactlyOneLeader
Command: "/Users/ayan/Documents/cmpsc/dkvs/build/dkvs_tests" "--gtest_filter=RaftClusterTest.ThreeNodesElectExactlyOneLeader" "--gtest_also_run_disabled_tests"
Directory: /Users/ayan/Documents/cmpsc/dkvs/build
"RaftClusterTest.ThreeNodesElectExactlyOneLeader" start time: Jul 02 10:43 +05
Output:
----------------------------------------------------------
Running main() from /Users/ayan/Documents/cmpsc/dkvs/build/_deps/googletest-src/googletest/src/gtest_main.cc
Note: Google Test filter = RaftClusterTest.ThreeNodesElectExactlyOneLeader
[==========] Running 1 test from 1 test suite.
[----------] Global test environment set-up.
[----------] 1 test from RaftClusterTest
[ RUN      ] RaftClusterTest.ThreeNodesElectExactlyOneLeader
[node 0] became leader in term 1
[       OK ] RaftClusterTest.ThreeNodesElectExactlyOneLeader (665 ms)
[----------] 1 test from RaftClusterTest (665 ms total)

[----------] Global test environment tear-down
[==========] 1 test from 1 test suite ran. (665 ms total)
[  PASSED  ] 1 test.
<end of output>
Test time =   0.67 sec
----------------------------------------------------------
Test Passed.
"RaftClusterTest.ThreeNodesElectExactlyOneLeader" end time: Jul 02 10:43 +05
"RaftClusterTest.ThreeNodesElectExactlyOneLeader" time elapsed: 00:00:00
----------------------------------------------------------

36/41 Testing: RaftClusterTest.CommandsReplicateToAllNodes
36/41 Test: RaftClusterTest.CommandsReplicateToAllNodes
Command: "/Users/ayan/Documents/cmpsc/dkvs/build/dkvs_tests" "--gtest_filter=RaftClusterTest.CommandsReplicateToAllNodes" "--gtest_also_run_disabled_tests"
Directory: /Users/ayan/Documents/cmpsc/dkvs/build
"RaftClusterTest.CommandsReplicateToAllNodes" start time: Jul 02 10:43 +05
Output:
----------------------------------------------------------
Running main() from /Users/ayan/Documents/cmpsc/dkvs/build/_deps/googletest-src/googletest/src/gtest_main.cc
Note: Google Test filter = RaftClusterTest.CommandsReplicateToAllNodes
[==========] Running 1 test from 1 test suite.
[----------] Global test environment set-up.
[----------] 1 test from RaftClusterTest
[ RUN      ] RaftClusterTest.CommandsReplicateToAllNodes
[node 2] became leader in term 1
[       OK ] RaftClusterTest.CommandsReplicateToAllNodes (276 ms)
[----------] 1 test from RaftClusterTest (276 ms total)

[----------] Global test environment tear-down
[==========] 1 test from 1 test suite ran. (276 ms total)
[  PASSED  ] 1 test.
<end of output>
Test time =   0.28 sec
----------------------------------------------------------
Test Passed.
"RaftClusterTest.CommandsReplicateToAllNodes" end time: Jul 02 10:43 +05
"RaftClusterTest.CommandsReplicateToAllNodes" time elapsed: 00:00:00
----------------------------------------------------------

37/41 Testing: RaftClusterTest.SubmitToFollowerIsRejectedWithLeaderHint
37/41 Test: RaftClusterTest.SubmitToFollowerIsRejectedWithLeaderHint
Command: "/Users/ayan/Documents/cmpsc/dkvs/build/dkvs_tests" "--gtest_filter=RaftClusterTest.SubmitToFollowerIsRejectedWithLeaderHint" "--gtest_also_run_disabled_tests"
Directory: /Users/ayan/Documents/cmpsc/dkvs/build
"RaftClusterTest.SubmitToFollowerIsRejectedWithLeaderHint" start time: Jul 02 10:43 +05
Output:
----------------------------------------------------------
Running main() from /Users/ayan/Documents/cmpsc/dkvs/build/_deps/googletest-src/googletest/src/gtest_main.cc
Note: Google Test filter = RaftClusterTest.SubmitToFollowerIsRejectedWithLeaderHint
[==========] Running 1 test from 1 test suite.
[----------] Global test environment set-up.
[----------] 1 test from RaftClusterTest
[ RUN      ] RaftClusterTest.SubmitToFollowerIsRejectedWithLeaderHint
[node 1] became leader in term 1
[       OK ] RaftClusterTest.SubmitToFollowerIsRejectedWithLeaderHint (173 ms)
[----------] 1 test from RaftClusterTest (173 ms total)

[----------] Global test environment tear-down
[==========] 1 test from 1 test suite ran. (173 ms total)
[  PASSED  ] 1 test.
<end of output>
Test time =   0.18 sec
----------------------------------------------------------
Test Passed.
"RaftClusterTest.SubmitToFollowerIsRejectedWithLeaderHint" end time: Jul 02 10:43 +05
"RaftClusterTest.SubmitToFollowerIsRejectedWithLeaderHint" time elapsed: 00:00:00
----------------------------------------------------------

38/41 Testing: RaftClusterTest.CommitProceedsWithOneFollowerDown
38/41 Test: RaftClusterTest.CommitProceedsWithOneFollowerDown
Command: "/Users/ayan/Documents/cmpsc/dkvs/build/dkvs_tests" "--gtest_filter=RaftClusterTest.CommitProceedsWithOneFollowerDown" "--gtest_also_run_disabled_tests"
Directory: /Users/ayan/Documents/cmpsc/dkvs/build
"RaftClusterTest.CommitProceedsWithOneFollowerDown" start time: Jul 02 10:43 +05
Output:
----------------------------------------------------------
Running main() from /Users/ayan/Documents/cmpsc/dkvs/build/_deps/googletest-src/googletest/src/gtest_main.cc
Note: Google Test filter = RaftClusterTest.CommitProceedsWithOneFollowerDown
[==========] Running 1 test from 1 test suite.
[----------] Global test environment set-up.
[----------] 1 test from RaftClusterTest
[ RUN      ] RaftClusterTest.CommitProceedsWithOneFollowerDown
[node 0] became leader in term 1
[       OK ] RaftClusterTest.CommitProceedsWithOneFollowerDown (218 ms)
[----------] 1 test from RaftClusterTest (218 ms total)

[----------] Global test environment tear-down
[==========] 1 test from 1 test suite ran. (218 ms total)
[  PASSED  ] 1 test.
<end of output>
Test time =   0.22 sec
----------------------------------------------------------
Test Passed.
"RaftClusterTest.CommitProceedsWithOneFollowerDown" end time: Jul 02 10:43 +05
"RaftClusterTest.CommitProceedsWithOneFollowerDown" time elapsed: 00:00:00
----------------------------------------------------------

39/41 Testing: RaftClusterTest.LeaderPartitionTriggersFailover
39/41 Test: RaftClusterTest.LeaderPartitionTriggersFailover
Command: "/Users/ayan/Documents/cmpsc/dkvs/build/dkvs_tests" "--gtest_filter=RaftClusterTest.LeaderPartitionTriggersFailover" "--gtest_also_run_disabled_tests"
Directory: /Users/ayan/Documents/cmpsc/dkvs/build
"RaftClusterTest.LeaderPartitionTriggersFailover" start time: Jul 02 10:43 +05
Output:
----------------------------------------------------------
Running main() from /Users/ayan/Documents/cmpsc/dkvs/build/_deps/googletest-src/googletest/src/gtest_main.cc
Note: Google Test filter = RaftClusterTest.LeaderPartitionTriggersFailover
[==========] Running 1 test from 1 test suite.
[----------] Global test environment set-up.
[----------] 1 test from RaftClusterTest
[ RUN      ] RaftClusterTest.LeaderPartitionTriggersFailover
[node 1] became leader in term 1
[node 2] became leader in term 2
[       OK ] RaftClusterTest.LeaderPartitionTriggersFailover (416 ms)
[----------] 1 test from RaftClusterTest (416 ms total)

[----------] Global test environment tear-down
[==========] 1 test from 1 test suite ran. (416 ms total)
[  PASSED  ] 1 test.
<end of output>
Test time =   0.42 sec
----------------------------------------------------------
Test Passed.
"RaftClusterTest.LeaderPartitionTriggersFailover" end time: Jul 02 10:43 +05
"RaftClusterTest.LeaderPartitionTriggersFailover" time elapsed: 00:00:00
----------------------------------------------------------

40/41 Testing: RaftClusterTest.UncommittedEntriesOnPartitionedLeaderAreDiscarded
40/41 Test: RaftClusterTest.UncommittedEntriesOnPartitionedLeaderAreDiscarded
Command: "/Users/ayan/Documents/cmpsc/dkvs/build/dkvs_tests" "--gtest_filter=RaftClusterTest.UncommittedEntriesOnPartitionedLeaderAreDiscarded" "--gtest_also_run_disabled_tests"
Directory: /Users/ayan/Documents/cmpsc/dkvs/build
"RaftClusterTest.UncommittedEntriesOnPartitionedLeaderAreDiscarded" start time: Jul 02 10:43 +05
Output:
----------------------------------------------------------
Running main() from /Users/ayan/Documents/cmpsc/dkvs/build/_deps/googletest-src/googletest/src/gtest_main.cc
Note: Google Test filter = RaftClusterTest.UncommittedEntriesOnPartitionedLeaderAreDiscarded
[==========] Running 1 test from 1 test suite.
[----------] Global test environment set-up.
[----------] 1 test from RaftClusterTest
[ RUN      ] RaftClusterTest.UncommittedEntriesOnPartitionedLeaderAreDiscarded
[node 1] became leader in term 1
[node 2] became leader in term 2
[       OK ] RaftClusterTest.UncommittedEntriesOnPartitionedLeaderAreDiscarded (736 ms)
[----------] 1 test from RaftClusterTest (736 ms total)

[----------] Global test environment tear-down
[==========] 1 test from 1 test suite ran. (736 ms total)
[  PASSED  ] 1 test.
<end of output>
Test time =   0.74 sec
----------------------------------------------------------
Test Passed.
"RaftClusterTest.UncommittedEntriesOnPartitionedLeaderAreDiscarded" end time: Jul 02 10:43 +05
"RaftClusterTest.UncommittedEntriesOnPartitionedLeaderAreDiscarded" time elapsed: 00:00:00
----------------------------------------------------------

41/41 Testing: RaftClusterTest.RestartedNodeRecoversLogAndCatchesUp
41/41 Test: RaftClusterTest.RestartedNodeRecoversLogAndCatchesUp
Command: "/Users/ayan/Documents/cmpsc/dkvs/build/dkvs_tests" "--gtest_filter=RaftClusterTest.RestartedNodeRecoversLogAndCatchesUp" "--gtest_also_run_disabled_tests"
Directory: /Users/ayan/Documents/cmpsc/dkvs/build
"RaftClusterTest.RestartedNodeRecoversLogAndCatchesUp" start time: Jul 02 10:43 +05
Output:
----------------------------------------------------------
Running main() from /Users/ayan/Documents/cmpsc/dkvs/build/_deps/googletest-src/googletest/src/gtest_main.cc
Note: Google Test filter = RaftClusterTest.RestartedNodeRecoversLogAndCatchesUp
[==========] Running 1 test from 1 test suite.
[----------] Global test environment set-up.
[----------] 1 test from RaftClusterTest
[ RUN      ] RaftClusterTest.RestartedNodeRecoversLogAndCatchesUp
[node 0] became leader in term 1
[       OK ] RaftClusterTest.RestartedNodeRecoversLogAndCatchesUp (289 ms)
[----------] 1 test from RaftClusterTest (290 ms total)

[----------] Global test environment tear-down
[==========] 1 test from 1 test suite ran. (290 ms total)
[  PASSED  ] 1 test.
<end of output>
Test time =   0.30 sec
----------------------------------------------------------
Test Passed.
"RaftClusterTest.RestartedNodeRecoversLogAndCatchesUp" end time: Jul 02 10:43 +05
"RaftClusterTest.RestartedNodeRecoversLogAndCatchesUp" time elapsed: 00:00:00
----------------------------------------------------------

End testing: Jul 02 10:43 +05
